2025-03-11T14:39:46.780+05:30  INFO 15876 --- [main] t.a.b.I.TicketAppBackendIliosApplication : Starting TicketAppBackendIliosApplication using Java 17.0.12 with PID 15876 (D:\ticket app backend Ilios\ticket-app-backend-Ilios\target\classes started by meganathan in D:\ticket app backend Ilios)
2025-03-11T14:39:46.798+05:30 DEBUG 15876 --- [main] t.a.b.I.TicketAppBackendIliosApplication : Running with Spring Boot v3.4.3, Spring v6.2.3
2025-03-11T14:39:46.800+05:30  INFO 15876 --- [main] t.a.b.I.TicketAppBackendIliosApplication : No active profile set, falling back to 1 default profile: "default"
2025-03-11T14:39:48.188+05:30  INFO 15876 --- [main] .s.d.r.c.RepositoryConfigurationDelegate : Bootstrapping Spring Data JPA repositories in DEFAULT mode.
2025-03-11T14:39:48.316+05:30  INFO 15876 --- [main] .s.d.r.c.RepositoryConfigurationDelegate : Finished Spring Data repository scanning in 111 ms. Found 2 JPA repository interfaces.
2025-03-11T14:39:49.349+05:30  INFO 15876 --- [main] o.s.b.w.embedded.tomcat.TomcatWebServer  : Tomcat initialized with port 8080 (http)
2025-03-11T14:39:49.376+05:30  INFO 15876 --- [main] o.apache.catalina.core.StandardService   : Starting service [Tomcat]
2025-03-11T14:39:49.376+05:30  INFO 15876 --- [main] o.apache.catalina.core.StandardEngine    : Starting Servlet engine: [Apache Tomcat/10.1.36]
2025-03-11T14:39:49.508+05:30  INFO 15876 --- [main] o.a.c.c.C.[Tomcat].[localhost].[/]       : Initializing Spring embedded WebApplicationContext
2025-03-11T14:39:49.509+05:30  INFO 15876 --- [main] w.s.c.ServletWebServerApplicationContext : Root WebApplicationContext: initialization completed in 2566 ms
2025-03-11T14:39:49.969+05:30  INFO 15876 --- [main] o.hibernate.jpa.internal.util.LogHelper  : HHH000204: Processing PersistenceUnitInfo [name: default]
2025-03-11T14:39:50.113+05:30  INFO 15876 --- [main] org.hibernate.Version                    : HHH000412: Hibernate ORM core version 6.6.8.Final
2025-03-11T14:39:50.186+05:30  INFO 15876 --- [main] o.h.c.internal.RegionFactoryInitiator    : HHH000026: Second-level cache disabled
2025-03-11T14:39:50.656+05:30  INFO 15876 --- [main] o.s.o.j.p.SpringPersistenceUnitInfo      : No LoadTimeWeaver setup: ignoring JPA class transformer
2025-03-11T14:39:50.710+05:30  INFO 15876 --- [main] com.zaxxer.hikari.HikariDataSource       : HikariPool-1 - Starting...
2025-03-11T14:39:51.400+05:30  INFO 15876 --- [main] com.zaxxer.hikari.pool.HikariPool        : HikariPool-1 - Added connection com.mysql.cj.jdbc.ConnectionImpl@778c2e7c
2025-03-11T14:39:51.403+05:30  INFO 15876 --- [main] com.zaxxer.hikari.HikariDataSource       : HikariPool-1 - Start completed.
2025-03-11T14:39:51.489+05:30  WARN 15876 --- [main] org.hibernate.orm.deprecation            : HHH90000025: MySQL8Dialect does not need to be specified explicitly using 'hibernate.dialect' (remove the property setting and it will be selected by default)
2025-03-11T14:39:51.491+05:30  WARN 15876 --- [main] org.hibernate.orm.deprecation            : HHH90000026: MySQL8Dialect has been deprecated; use org.hibernate.dialect.MySQLDialect instead
2025-03-11T14:39:51.516+05:30  INFO 15876 --- [main] org.hibernate.orm.connections.pooling    : HHH10001005: Database info:
	Database JDBC URL [Connecting through datasource 'HikariDataSource (HikariPool-1)']
	Database driver: undefined/unknown
	Database version: 8.0
	Autocommit mode: undefined/unknown
	Isolation level: undefined/unknown
	Minimum pool size: undefined/unknown
	Maximum pool size: undefined/unknown
2025-03-11T14:39:52.903+05:30  INFO 15876 --- [main] o.h.e.t.j.p.i.JtaPlatformInitiator       : HHH000489: No JTA platform available (set 'hibernate.transaction.jta.platform' to enable JTA platform integration)
2025-03-11T14:39:53.047+05:30  INFO 15876 --- [main] j.LocalContainerEntityManagerFactoryBean : Initialized JPA EntityManagerFactory for persistence unit 'default'
2025-03-11T14:39:53.690+05:30  WARN 15876 --- [main] JpaBaseConfiguration$JpaWebConfiguration : spring.jpa.open-in-view is enabled by default. Therefore, database queries may be performed during view rendering. Explicitly configure spring.jpa.open-in-view to disable this warning
2025-03-11T14:39:54.322+05:30  INFO 15876 --- [main] o.s.b.w.embedded.tomcat.TomcatWebServer  : Tomcat started on port 8080 (http) with context path '/'
2025-03-11T14:39:54.340+05:30  INFO 15876 --- [main] t.a.b.I.TicketAppBackendIliosApplication : Started TicketAppBackendIliosApplication in 8.713 seconds (process running for 9.733)
2025-03-11T14:40:08.358+05:30  INFO 15876 --- [SpringApplicationShutdownHook] o.s.b.w.e.tomcat.GracefulShutdown        : Commencing graceful shutdown. Waiting for active requests to complete
2025-03-11T14:40:08.547+05:30  INFO 15876 --- [tomcat-shutdown] o.s.b.w.e.tomcat.GracefulShutdown        : Graceful shutdown complete
2025-03-11T14:40:08.552+05:30  INFO 15876 --- [SpringApplicationShutdownHook] j.LocalContainerEntityManagerFactoryBean : Closing JPA EntityManagerFactory for persistence unit 'default'
2025-03-11T14:40:08.556+05:30  INFO 15876 --- [SpringApplicationShutdownHook] com.zaxxer.hikari.HikariDataSource       : HikariPool-1 - Shutdown initiated...
2025-03-11T14:40:08.575+05:30  INFO 15876 --- [SpringApplicationShutdownHook] com.zaxxer.hikari.HikariDataSource       : HikariPool-1 - Shutdown completed.
